This is pdfTeX, Version 3.14159265-2.6-1.40.15 (TeX Live 2014) (preloaded format=pdflatex 2015.4.27)  25 MAR 2016 10:53
entering extended mode
 restricted \write18 enabled.
 file:line:error style messages enabled.
 %&-line parsing enabled.
**"RelatoÃÅrio TP1.tex"
(./RelatoÃÅrio TP1.tex
LaTeX2e <2014/05/01>
Babel <3.9k> and hyphenation patterns for 78 languages loaded.
(/usr/local/texlive/2014/texmf-dist/tex/latex/base/report.cls
Document Class: report 2007/10/19 v1.4h Standard LaTeX document class
(/usr/local/texlive/2014/texmf-dist/tex/latex/base/size10.clo
File: size10.clo 2007/10/19 v1.4h Standard LaTeX file (size option)
)
\c@part=\count79
\c@chapter=\count80
\c@section=\count81
\c@subsection=\count82
\c@subsubsection=\count83
\c@paragraph=\count84
\c@subparagraph=\count85
\c@figure=\count86
\c@table=\count87
\abovecaptionskip=\skip41
\belowcaptionskip=\skip42
\bibindent=\dimen102
)
(/usr/local/texlive/2014/texmf-dist/tex/generic/babel/babel.sty
Package: babel 2014/03/24 3.9k The Babel package

(/usr/local/texlive/2014/texmf-dist/tex/generic/babel-portuges/portuges.ldf
Language: portuges 2008/03/18 v1.2q Portuguese support from the babel system

(/usr/local/texlive/2014/texmf-dist/tex/generic/babel/babel.def
File: babel.def 2014/03/24 3.9k Babel common definitions
\babel@savecnt=\count88
\U@D=\dimen103
)
Package babel Info: Making " an active character on input line 145.
))
(/usr/local/texlive/2014/texmf-dist/tex/latex/base/inputenc.sty
Package: inputenc 2014/04/30 v1.2b Input encoding file
\inpenc@prehook=\toks14
\inpenc@posthook=\toks15

(/usr/local/texlive/2014/texmf-dist/tex/latex/base/latin1.def
File: latin1.def 2014/04/30 v1.2b Input encoding file
))
(/usr/local/texlive/2014/texmf-dist/tex/latex/url/url.sty
\Urlmuskip=\muskip10
Package: url 2013/09/16  ver 3.4  Verb mode for urls, etc.
)
(/usr/local/texlive/2014/texmf-dist/tex/latex/listings/listings.sty
(/usr/local/texlive/2014/texmf-dist/tex/latex/graphics/keyval.sty
Package: keyval 2014/05/08 v1.15 key=value parser (DPC)
\KV@toks@=\toks16
)
\lst@mode=\count89
\lst@gtempboxa=\box26
\lst@token=\toks17
\lst@length=\count90
\lst@currlwidth=\dimen104
\lst@column=\count91
\lst@pos=\count92
\lst@lostspace=\dimen105
\lst@width=\dimen106
\lst@newlines=\count93
\lst@lineno=\count94
\lst@maxwidth=\dimen107

(/usr/local/texlive/2014/texmf-dist/tex/latex/listings/lstmisc.sty
File: lstmisc.sty 2014/03/04 1.5c (Carsten Heinz)
\c@lstnumber=\count95
\lst@skipnumbers=\count96
\lst@framebox=\box27
)
(/usr/local/texlive/2014/texmf-dist/tex/latex/listings/listings.cfg
File: listings.cfg 2014/03/04 1.5c listings configuration
))
Package: listings 2014/03/04 1.5c (Carsten Heinz)

(/usr/local/texlive/2014/texmf-dist/tex/latex/graphics/graphics.sty
Package: graphics 2009/02/05 v1.0o Standard LaTeX Graphics (DPC,SPQR)

(/usr/local/texlive/2014/texmf-dist/tex/latex/graphics/trig.sty
Package: trig 1999/03/16 v1.09 sin cos tan (DPC)
)
(/usr/local/texlive/2014/texmf-dist/tex/latex/latexconfig/graphics.cfg
File: graphics.cfg 2010/04/23 v1.9 graphics configuration of TeX Live
)
Package graphics Info: Driver file: pdftex.def on input line 91.

(/usr/local/texlive/2014/texmf-dist/tex/latex/pdftex-def/pdftex.def
File: pdftex.def 2011/05/27 v0.06d Graphics/color for pdfTeX

(/usr/local/texlive/2014/texmf-dist/tex/generic/oberdiek/infwarerr.sty
Package: infwarerr 2010/04/08 v1.3 Providing info/warning/error messages (HO)
)
(/usr/local/texlive/2014/texmf-dist/tex/generic/oberdiek/ltxcmds.sty
Package: ltxcmds 2011/11/09 v1.22 LaTeX kernel commands for general use (HO)
)
\Gread@gobject=\count97
))
(/usr/local/texlive/2014/texmf-dist/tex/latex/tools/xspace.sty
Package: xspace 2009/10/20 v1.13 Space after command names (DPC,MH)
)
(./RelatoÃÅrio TP1.aux)
\openout1 = `"RelatoÃÅrio TP1.aux"'.

LaTeX Font Info:    Checking defaults for OML/cmm/m/it on input line 60.
LaTeX Font Info:    ... okay on input line 60.
LaTeX Font Info:    Checking defaults for T1/cmr/m/n on input line 60.
LaTeX Font Info:    ... okay on input line 60.
LaTeX Font Info:    Checking defaults for OT1/cmr/m/n on input line 60.
LaTeX Font Info:    ... okay on input line 60.
LaTeX Font Info:    Checking defaults for OMS/cmsy/m/n on input line 60.
LaTeX Font Info:    ... okay on input line 60.
LaTeX Font Info:    Checking defaults for OMX/cmex/m/n on input line 60.
LaTeX Font Info:    ... okay on input line 60.
LaTeX Font Info:    Checking defaults for U/cmr/m/n on input line 60.
LaTeX Font Info:    ... okay on input line 60.
\c@lstlisting=\count98

(/usr/local/texlive/2014/texmf-dist/tex/context/base/supp-pdf.mkii
[Loading MPS to PDF converter (version 2006.09.02).]
\scratchcounter=\count99
\scratchdimen=\dimen108
\scratchbox=\box28
\nofMPsegments=\count100
\nofMParguments=\count101
\everyMPshowfont=\toks18
\MPscratchCnt=\count102
\MPscratchDim=\dimen109
\MPnumerator=\count103
\makeMPintoPDFobject=\count104
\everyMPtoPDFconversion=\toks19
) (/usr/local/texlive/2014/texmf-dist/tex/generic/oberdiek/pdftexcmds.sty
Package: pdftexcmds 2011/11/29 v0.20 Utility functions of pdfTeX for LuaTeX (HO
)

(/usr/local/texlive/2014/texmf-dist/tex/generic/oberdiek/ifluatex.sty
Package: ifluatex 2010/03/01 v1.3 Provides the ifluatex switch (HO)
Package ifluatex Info: LuaTeX not detected.
)
(/usr/local/texlive/2014/texmf-dist/tex/generic/oberdiek/ifpdf.sty
Package: ifpdf 2011/01/30 v2.3 Provides the ifpdf switch (HO)
Package ifpdf Info: pdfTeX in PDF mode is detected.
)
Package pdftexcmds Info: LuaTeX not detected.
Package pdftexcmds Info: \pdf@primitive is available.
Package pdftexcmds Info: \pdf@ifprimitive is available.
Package pdftexcmds Info: \pdfdraftmode found.
)
(/usr/local/texlive/2014/texmf-dist/tex/latex/oberdiek/epstopdf-base.sty
Package: epstopdf-base 2010/02/09 v2.5 Base part for package epstopdf

(/usr/local/texlive/2014/texmf-dist/tex/latex/oberdiek/grfext.sty
Package: grfext 2010/08/19 v1.1 Manage graphics extensions (HO)

(/usr/local/texlive/2014/texmf-dist/tex/generic/oberdiek/kvdefinekeys.sty
Package: kvdefinekeys 2011/04/07 v1.3 Define keys (HO)
))
(/usr/local/texlive/2014/texmf-dist/tex/latex/oberdiek/kvoptions.sty
Package: kvoptions 2011/06/30 v3.11 Key value format for package options (HO)

(/usr/local/texlive/2014/texmf-dist/tex/generic/oberdiek/kvsetkeys.sty
Package: kvsetkeys 2012/04/25 v1.16 Key value parser (HO)

(/usr/local/texlive/2014/texmf-dist/tex/generic/oberdiek/etexcmds.sty
Package: etexcmds 2011/02/16 v1.5 Avoid name clashes with e-TeX commands (HO)
Package etexcmds Info: Could not find \expanded.
(etexcmds)             That can mean that you are not using pdfTeX 1.50 or
(etexcmds)             that some package has redefined \expanded.
(etexcmds)             In the latter case, load this package earlier.
)))
Package grfext Info: Graphics extension search list:
(grfext)             [.png,.pdf,.jpg,.mps,.jpeg,.jbig2,.jb2,.PNG,.PDF,.JPG,.JPE
G,.JBIG2,.JB2,.eps]
(grfext)             \AppendGraphicsExtensions on input line 452.

(/usr/local/texlive/2014/texmf-dist/tex/latex/latexconfig/epstopdf-sys.cfg
File: epstopdf-sys.cfg 2010/07/13 v1.3 Configuration of (r)epstopdf for TeX Liv
e
))
LaTeX Font Info:    External font `cmex10' loaded for size
(Font)              <17.28> on input line 62.
LaTeX Font Info:    External font `cmex10' loaded for size
(Font)              <12> on input line 62.
LaTeX Font Info:    External font `cmex10' loaded for size
(Font)              <8> on input line 62.
LaTeX Font Info:    External font `cmex10' loaded for size
(Font)              <6> on input line 62.

[1

{/usr/local/texlive/2014/texmf-var/fonts/map/pdftex/updmap/pdftex.map}]
[1] (./RelatoÃÅrio TP1.toc
LaTeX Font Info:    External font `cmex10' loaded for size
(Font)              <7> on input line 4.
LaTeX Font Info:    External font `cmex10' loaded for size
(Font)              <5> on input line 4.
)
\tf@toc=\write3
\openout3 = `"RelatoÃÅrio TP1.toc"'.

 [1

]
Cap\'{\i }tulo 1.
[2

]
Cap\'{\i }tulo 2.
(./enunciado.bib
LaTeX Font Info:    Try loading font information for OMS+cmr on input line 1.
 (/usr/local/texlive/2014/texmf-dist/tex/latex/base/omscmr.fd
File: omscmr.fd 1999/05/25 v2.5h Standard LaTeX font definitions
)
LaTeX Font Info:    Font shape `OMS/cmr/m/n' in size <9> not available
(Font)              Font shape `OMS/cmsy/m/n' tried instead on input line 1.
LaTeX Font Info:    External font `cmex10' loaded for size
(Font)              <9> on input line 5.


./enunciado.bib:11: Package inputenc Error: Keyboard character used is undefine
d
(inputenc)                in inputencoding `latin1'.

See the inputenc package documentation for explanation.
Type  H <return>  for immediate help.
 ...                                              
                                                  
l.11 ... Technologies and Applications, CoRTA‚Äô07
                                                  
? 

./enunciado.bib:11: Package inputenc Error: Keyboard character used is undefine
d
(inputenc)                in inputencoding `latin1'.

See the inputenc package documentation for explanation.
Type  H <return>  for immediate help.
 ...                                              
                                                  
l.11 ... Technologies and Applications, CoRTA‚Äô07
                                                  
? 
)
./RelatoÃÅrio TP1.tex:114: Undefined control sequence.
l.114 ...ias presentes no documento \VerbatimInput
                                                  {lpbib.txt}, explicado num...

? 
[3

]
./RelatoÃÅrio TP1.tex:143: Undefined control sequence.
l.143 ... fornecidos s„o o ficheiro \VerbatimInput
                                                  {lpbib.txt}, a ser abordad...

? 
[4]
Cap\'{\i }tulo 3.
./RelatoÃÅrio TP1.tex:155: Undefined control sequence.
l.155 ...ando um padr„o no ficheiro \VerbatimInput
                                                  {lpbib.txt}, ou seja, a acÁ„o

? 
[5

] [6] [7]
Cap\'{\i }tulo 4.
./RelatoÃÅrio TP1.tex:183: Undefined control sequence.
l.183 ...an·lise do documento fonte \VerbatimInput
                                                  {lpbib.txt}
? 
./RelatoÃÅrio TP1.tex:201: Undefined control sequence.
l.201 ...t{HTML} produzido chama-se \VerbatimInput
                                                  {indexA.html} e pode ser
? 
./RelatoÃÅrio TP1.tex:223: Undefined control sequence.
l.223 ...rias presentes no ficheiro \VerbatimInput
                                                  {lpbib.txt}, que contem mu...

? 
[8

]
./RelatoÃÅrio TP1.tex:247: Undefined control sequence.
l.247 ... chegar ao fim do ficheiro \VerbatimInput
                                                  {lpbib.txt} e
? 
./RelatoÃÅrio TP1.tex:248: Undefined control sequence.
l.248 ... \textit{main} do ficheiro \VerbatimInput
                                                  {tp1A.l} recorreu-se · cha...

? 
[9] [10] [11]
./RelatoÃÅrio TP1.tex:270: Undefined control sequence.
l.270 \VerbatimInput
                    {lpbib.txt} nas diferentes alÌneas deste problema.
? 
(./makefile)
./RelatoÃÅrio TP1.tex:296: Undefined control sequence.
l.296 ficheiro fonte \VerbatimInput
                                   {lpbib.txt} apenas ocorre cinco vezes, ma...

? 
./RelatoÃÅrio TP1.tex:304: Undefined control sequence.
l.304 ...ificada abrindo o ficheiro \VerbatimInput
                                                  {lpbib.txt} e procurando
? 
./RelatoÃÅrio TP1.tex:307: Undefined control sequence.
l.307 abrir o \VerbatimInput
                            {indexA.html} com um \textit{browser} qualquer.
? 
[12] [13] [14]
Cap\'{\i }tulo 5.
[15

]
Ap\^endice A.
(./lpbibShort.txt) [16

] (./tp1A.l
LaTeX Font Info:    Try loading font information for OML+cmr on input line 2.

(/usr/local/texlive/2014/texmf-dist/tex/latex/base/omlcmr.fd
File: omlcmr.fd 1999/05/25 v2.5h Standard LaTeX font definitions
)
LaTeX Font Info:    Font shape `OML/cmr/m/n' in size <9> not available
(Font)              Font shape `OML/cmm/m/it' tried instead on input line 2.
) [17]
(./hashtable.h) [18] (./hashtable.c [19]) [20] (./indexA.html) [21] [22]
[23] (./zim2beamer.txt) [24] (./zim2beamer.l
Overfull \hbox (425.8035pt too wide) in paragraph at lines 19--20
[][][][][] 
 []


Overfull \hbox (440.25348pt too wide) in paragraph at lines 19--20
[]  
 []

[25]
Overfull \hbox (425.8035pt too wide) in paragraph at lines 31--32
[][][][][] 
 []


Overfull \hbox (440.25348pt too wide) in paragraph at lines 31--32
[]  
 []


Overfull \hbox (425.8035pt too wide) in paragraph at lines 43--44
[][][][][] 
 []


Overfull \hbox (440.25348pt too wide) in paragraph at lines 43--44
[]  
 []

[26]) [27] (./zim2beamer.tex [28]) [29]
<itemize.png, id=115, 307.1475pt x 233.87375pt>
File: itemize.png Graphic file (type png)
 <use itemize.png>
Package pdftex.def Info: itemize.png used on input line 433.
(pdftex.def)             Requested size: 307.14674pt x 233.87315pt.

<images.png, id=117, 319.1925pt x 241.90375pt>
File: images.png Graphic file (type png)
 <use images.png>
Package pdftex.def Info: images.png used on input line 437.
(pdftex.def)             Requested size: 319.19171pt x 241.90315pt.
 [30 <./itemize.png> <./images.png>] <checkBoxes.png, id=123, 340.77313pt x 253
.94875pt>
File: checkBoxes.png Graphic file (type png)

<use checkBoxes.png>
Package pdftex.def Info: checkBoxes.png used on input line 441.
(pdftex.def)             Requested size: 340.7723pt x 253.94812pt.
 [31 <./checkBoxes.png>] [32

] (./RelatoÃÅrio TP1.aux) )
(\end occurred inside a group at level 3)

### simple group (level 3) entered at line 238 ({)
### simple group (level 2) entered at line 226 ({)
### simple group (level 1) entered at line 194 ({)
### bottom level 
Here is how much of TeX's memory you used:
 3760 strings out of 493117
 51417 string characters out of 6135433
 316519 words of memory out of 5000000
 7147 multiletter control sequences out of 15000+600000
 12456 words of font info for 43 fonts, out of 8000000 for 9000
 1141 hyphenation exceptions out of 8191
 37i,7n,32p,300b,1696s stack positions out of 5000i,500n,10000p,200000b,80000s
</usr/local/texlive/2014/texmf-dist/fonts/type1/public/amsfonts
/cm/cmbx10.pfb></usr/local/texlive/2014/texmf-dist/fonts/type1/public/amsfonts/
cm/cmbx12.pfb></usr/local/texlive/2014/texmf-dist/fonts/type1/public/amsfonts/c
m/cmbxti10.pfb></usr/local/texlive/2014/texmf-dist/fonts/type1/public/amsfonts/
cm/cmmi9.pfb></usr/local/texlive/2014/texmf-dist/fonts/type1/public/amsfonts/cm
/cmr10.pfb></usr/local/texlive/2014/texmf-dist/fonts/type1/public/amsfonts/cm/c
mr12.pfb></usr/local/texlive/2014/texmf-dist/fonts/type1/public/amsfonts/cm/cmr
17.pfb></usr/local/texlive/2014/texmf-dist/fonts/type1/public/amsfonts/cm/cmr5.
pfb></usr/local/texlive/2014/texmf-dist/fonts/type1/public/amsfonts/cm/cmr9.pfb
></usr/local/texlive/2014/texmf-dist/fonts/type1/public/amsfonts/cm/cmsy9.pfb><
/usr/local/texlive/2014/texmf-dist/fonts/type1/public/amsfonts/cm/cmti10.pfb></
usr/local/texlive/2014/texmf-dist/fonts/type1/public/amsfonts/cm/cmti12.pfb></u
sr/local/texlive/2014/texmf-dist/fonts/type1/public/amsfonts/cm/cmtt10.pfb></us
r/local/texlive/2014/texmf-dist/fonts/type1/public/amsfonts/cm/cmu10.pfb>
Output written on "RelatoÃÅrio TP1.pdf" (34 pages, 467050 bytes).
PDF statistics:
 177 PDF objects out of 1000 (max. 8388607)
 119 compressed objects within 2 object streams
 0 named destinations out of 1000 (max. 500000)
 16 words of extra memory for PDF output out of 10000 (max. 10000000)

